iod: 15
feature_id: 1
feature_param: 24
num_imgs_per_train_subj: 999
num_imgs_per_test_subj: 999
num_imgs_per_pers_subj: 1.0
num_rots_per_train_imgs: 10
num_rots_per_test_imgs: 1
num_rots_per_pers_imgs: 10
svr_eps: 0.01
svr_c: 0.1
svr_p: 0.0001
db_type: elte2
rmse: 6.4461
use_headpose: 0
use_eyes: 0

iod: 15
feature_id: 1
feature_param: 24
num_imgs_per_train_subj: 999
num_imgs_per_test_subj: 999
num_imgs_per_pers_subj: 8.0
num_rots_per_train_imgs: 10
num_rots_per_test_imgs: 1
num_rots_per_pers_imgs: 10
svr_eps: 0.01
svr_c: 0.1
svr_p: 0.0001
db_type: elte2
rmse: 6.11202
use_headpose: 1
use_eyes: 0

iod: 15
feature_id: 1
feature_param: 24
num_imgs_per_train_subj: 999
num_imgs_per_test_subj: 999
num_imgs_per_pers_subj: 14.0
num_rots_per_train_imgs: 10
num_rots_per_test_imgs: 1
num_rots_per_pers_imgs: 10
svr_eps: 0.01
svr_c: 0.1
svr_p: 0.0001
db_type: elte2
rmse: 5.04311
use_headpose: 1
use_eyes: 1

iod: 15
feature_id: 1
feature_param: 24
num_imgs_per_train_subj: 999
num_imgs_per_test_subj: 999
num_imgs_per_pers_subj: 11.0
num_rots_per_train_imgs: 10
num_rots_per_test_imgs: 1
num_rots_per_pers_imgs: 10
svr_eps: 0.01
svr_c: 0.1
svr_p: 0.0001
db_type: elte2
rmse: 5.90054
use_headpose: 1
use_eyes: 1

iod: 15
feature_id: 1
feature_param: 24
num_imgs_per_train_subj: 999
num_imgs_per_test_subj: 999
num_imgs_per_pers_subj: 6.0
num_rots_per_train_imgs: 10
num_rots_per_test_imgs: 1
num_rots_per_pers_imgs: 10
svr_eps: 0.01
svr_c: 0.1
svr_p: 0.0001
db_type: elte2
rmse: 5.40324
use_headpose: 0
use_eyes: 1

iod: 15
feature_id: 1
feature_param: 24
num_imgs_per_train_subj: 999
num_imgs_per_test_subj: 999
num_imgs_per_pers_subj: 16.0
num_rots_per_train_imgs: 10
num_rots_per_test_imgs: 1
num_rots_per_pers_imgs: 10
svr_eps: 0.01
svr_c: 0.1
svr_p: 0.0001
db_type: elte2
rmse: 5.85682
use_headpose: 0
use_eyes: 0

iod: 15
feature_id: 1
feature_param: 24
num_imgs_per_train_subj: 999
num_imgs_per_test_subj: 999
num_imgs_per_pers_subj: 5.0
num_rots_per_train_imgs: 10
num_rots_per_test_imgs: 1
num_rots_per_pers_imgs: 10
svr_eps: 0.01
svr_c: 0.1
svr_p: 0.0001
db_type: elte2
rmse: 6.11469
use_headpose: 1
use_eyes: 1

iod: 15
feature_id: 1
feature_param: 24
num_imgs_per_train_subj: 999
num_imgs_per_test_subj: 999
num_imgs_per_pers_subj: 14.0
num_rots_per_train_imgs: 10
num_rots_per_test_imgs: 1
num_rots_per_pers_imgs: 10
svr_eps: 0.01
svr_c: 0.1
svr_p: 0.0001
db_type: elte2
rmse: 3.85754
use_headpose: 0
use_eyes: 1

iod: 15
feature_id: 1
feature_param: 24
num_imgs_per_train_subj: 999
num_imgs_per_test_subj: 999
num_imgs_per_pers_subj: 9.0
num_rots_per_train_imgs: 10
num_rots_per_test_imgs: 1
num_rots_per_pers_imgs: 10
svr_eps: 0.01
svr_c: 0.1
svr_p: 0.0001
db_type: elte2
rmse: 4.26286
use_headpose: 0
use_eyes: 0

iod: 15
feature_id: 1
feature_param: 24
num_imgs_per_train_subj: 999
num_imgs_per_test_subj: 999
num_imgs_per_pers_subj: 14.0
num_rots_per_train_imgs: 10
num_rots_per_test_imgs: 1
num_rots_per_pers_imgs: 10
svr_eps: 0.01
svr_c: 0.1
svr_p: 0.0001
db_type: elte2
rmse: 3.91189
use_headpose: 1
use_eyes: 1

iod: 15
feature_id: 1
feature_param: 24
num_imgs_per_train_subj: 999
num_imgs_per_test_subj: 999
num_imgs_per_pers_subj: 13.0
num_rots_per_train_imgs: 10
num_rots_per_test_imgs: 1
num_rots_per_pers_imgs: 10
svr_eps: 0.01
svr_c: 0.1
svr_p: 0.0001
db_type: elte2
rmse: 4.33042
use_headpose: 1
use_eyes: 0

iod: 15
feature_id: 1
feature_param: 24
num_imgs_per_train_subj: 999
num_imgs_per_test_subj: 999
num_imgs_per_pers_subj: 2.0
num_rots_per_train_imgs: 10
num_rots_per_test_imgs: 1
num_rots_per_pers_imgs: 10
svr_eps: 0.01
svr_c: 0.1
svr_p: 0.0001
db_type: elte2
rmse: 4.67327
use_headpose: 1
use_eyes: 0

iod: 15
feature_id: 1
feature_param: 24
num_imgs_per_train_subj: 999
num_imgs_per_test_subj: 999
num_imgs_per_pers_subj: 6.0
num_rots_per_train_imgs: 10
num_rots_per_test_imgs: 1
num_rots_per_pers_imgs: 10
svr_eps: 0.01
svr_c: 0.1
svr_p: 0.0001
db_type: elte2
rmse: 4.62024
use_headpose: 0
use_eyes: 0

iod: 15
feature_id: 1
feature_param: 24
num_imgs_per_train_subj: 999
num_imgs_per_test_subj: 999
num_imgs_per_pers_subj: 6.0
num_rots_per_train_imgs: 10
num_rots_per_test_imgs: 1
num_rots_per_pers_imgs: 10
svr_eps: 0.01
svr_c: 0.1
svr_p: 0.0001
db_type: elte2
rmse: 4.1452
use_headpose: 0
use_eyes: 1

iod: 15
feature_id: 1
feature_param: 24
num_imgs_per_train_subj: 999
num_imgs_per_test_subj: 999
num_imgs_per_pers_subj: 12.0
num_rots_per_train_imgs: 10
num_rots_per_test_imgs: 1
num_rots_per_pers_imgs: 10
svr_eps: 0.01
svr_c: 0.1
svr_p: 0.0001
db_type: elte2
rmse: 4.42681
use_headpose: 1
use_eyes: 0

iod: 15
feature_id: 1
feature_param: 24
num_imgs_per_train_subj: 999
num_imgs_per_test_subj: 999
num_imgs_per_pers_subj: 0.0
num_rots_per_train_imgs: 10
num_rots_per_test_imgs: 1
num_rots_per_pers_imgs: 10
svr_eps: 0.01
svr_c: 0.1
svr_p: 0.0001
db_type: elte2
rmse: 4.91217
use_headpose: 1
use_eyes: 0

iod: 15
feature_id: 1
feature_param: 24
num_imgs_per_train_subj: 999
num_imgs_per_test_subj: 999
num_imgs_per_pers_subj: 19.0
num_rots_per_train_imgs: 10
num_rots_per_test_imgs: 1
num_rots_per_pers_imgs: 10
svr_eps: 0.01
svr_c: 0.1
svr_p: 0.0001
db_type: elte2
rmse: 4.61534
use_headpose: 0
use_eyes: 1

iod: 15
feature_id: 1
feature_param: 24
num_imgs_per_train_subj: 999
num_imgs_per_test_subj: 999
num_imgs_per_pers_subj: 5.0
num_rots_per_train_imgs: 10
num_rots_per_test_imgs: 1
num_rots_per_pers_imgs: 10
svr_eps: 0.01
svr_c: 0.1
svr_p: 0.0001
db_type: elte2
rmse: 4.33075
use_headpose: 0
use_eyes: 1

iod: 15
feature_id: 1
feature_param: 24
num_imgs_per_train_subj: 999
num_imgs_per_test_subj: 999
num_imgs_per_pers_subj: 9.0
num_rots_per_train_imgs: 10
num_rots_per_test_imgs: 1
num_rots_per_pers_imgs: 10
svr_eps: 0.01
svr_c: 0.1
svr_p: 0.0001
db_type: elte2
rmse: 3.95387
use_headpose: 1
use_eyes: 1

iod: 15
feature_id: 1
feature_param: 24
num_imgs_per_train_subj: 999
num_imgs_per_test_subj: 999
num_imgs_per_pers_subj: 7.0
num_rots_per_train_imgs: 10
num_rots_per_test_imgs: 1
num_rots_per_pers_imgs: 10
svr_eps: 0.01
svr_c: 0.1
svr_p: 0.0001
db_type: elte2
rmse: 4.12288
use_headpose: 1
use_eyes: 1

iod: 15
feature_id: 1
feature_param: 24
num_imgs_per_train_subj: 999
num_imgs_per_test_subj: 999
num_imgs_per_pers_subj: 6.0
num_rots_per_train_imgs: 10
num_rots_per_test_imgs: 1
num_rots_per_pers_imgs: 10
svr_eps: 0.01
svr_c: 0.1
svr_p: 0.0001
db_type: elte2
rmse: 4.12403
use_headpose: 1
use_eyes: 1

iod: 15
feature_id: 1
feature_param: 24
num_imgs_per_train_subj: 999
num_imgs_per_test_subj: 999
num_imgs_per_pers_subj: 16.0
num_rots_per_train_imgs: 10
num_rots_per_test_imgs: 1
num_rots_per_pers_imgs: 10
svr_eps: 0.01
svr_c: 0.1
svr_p: 0.0001
db_type: elte2
rmse: 4.34743
use_headpose: 0
use_eyes: 1

iod: 15
feature_id: 1
feature_param: 24
num_imgs_per_train_subj: 999
num_imgs_per_test_subj: 999
num_imgs_per_pers_subj: 7.0
num_rots_per_train_imgs: 10
num_rots_per_test_imgs: 1
num_rots_per_pers_imgs: 10
svr_eps: 0.01
svr_c: 0.1
svr_p: 0.0001
db_type: elte2
rmse: 4.56006
use_headpose: 0
use_eyes: 0

iod: 15
feature_id: 1
feature_param: 24
num_imgs_per_train_subj: 999
num_imgs_per_test_subj: 999
num_imgs_per_pers_subj: 18.0
num_rots_per_train_imgs: 10
num_rots_per_test_imgs: 1
num_rots_per_pers_imgs: 10
svr_eps: 0.01
svr_c: 0.1
svr_p: 0.0001
db_type: elte2
rmse: 4.2279
use_headpose: 1
use_eyes: 0

iod: 15
feature_id: 1
feature_param: 24
num_imgs_per_train_subj: 999
num_imgs_per_test_subj: 999
num_imgs_per_pers_subj: 0.0
num_rots_per_train_imgs: 10
num_rots_per_test_imgs: 1
num_rots_per_pers_imgs: 10
svr_eps: 0.01
svr_c: 0.1
svr_p: 0.0001
db_type: elte2
rmse: 4.91217
use_headpose: 1
use_eyes: 0

iod: 15
feature_id: 1
feature_param: 24
num_imgs_per_train_subj: 999
num_imgs_per_test_subj: 999
num_imgs_per_pers_subj: 4.0
num_rots_per_train_imgs: 10
num_rots_per_test_imgs: 1
num_rots_per_pers_imgs: 10
svr_eps: 0.01
svr_c: 0.1
svr_p: 0.0001
db_type: elte2
rmse: 4.71015
use_headpose: 0
use_eyes: 0

iod: 15
feature_id: 1
feature_param: 24
num_imgs_per_train_subj: 999
num_imgs_per_test_subj: 999
num_imgs_per_pers_subj: 4.0
num_rots_per_train_imgs: 10
num_rots_per_test_imgs: 1
num_rots_per_pers_imgs: 10
svr_eps: 0.01
svr_c: 0.1
svr_p: 0.0001
db_type: elte2
rmse: 4.85192
use_headpose: 1
use_eyes: 1

iod: 15
feature_id: 1
feature_param: 24
num_imgs_per_train_subj: 999
num_imgs_per_test_subj: 999
num_imgs_per_pers_subj: 20.0
num_rots_per_train_imgs: 10
num_rots_per_test_imgs: 1
num_rots_per_pers_imgs: 10
svr_eps: 0.01
svr_c: 0.1
svr_p: 0.0001
db_type: elte2
rmse: 4.73072
use_headpose: 0
use_eyes: 1

iod: 15
feature_id: 1
feature_param: 24
num_imgs_per_train_subj: 999
num_imgs_per_test_subj: 999
num_imgs_per_pers_subj: 16.0
num_rots_per_train_imgs: 10
num_rots_per_test_imgs: 1
num_rots_per_pers_imgs: 10
svr_eps: 0.01
svr_c: 0.1
svr_p: 0.0001
db_type: elte2
rmse: 4.31247
use_headpose: 1
use_eyes: 1

iod: 15
feature_id: 1
feature_param: 24
num_imgs_per_train_subj: 999
num_imgs_per_test_subj: 999
num_imgs_per_pers_subj: 9.0
num_rots_per_train_imgs: 10
num_rots_per_test_imgs: 1
num_rots_per_pers_imgs: 10
svr_eps: 0.01
svr_c: 0.1
svr_p: 0.0001
db_type: elte2
rmse: 3.95387
use_headpose: 1
use_eyes: 1

iod: 15
feature_id: 1
feature_param: 24
num_imgs_per_train_subj: 999
num_imgs_per_test_subj: 999
num_imgs_per_pers_subj: 11.0
num_rots_per_train_imgs: 10
num_rots_per_test_imgs: 1
num_rots_per_pers_imgs: 10
svr_eps: 0.01
svr_c: 0.1
svr_p: 0.0001
db_type: elte2
rmse: 4.4969
use_headpose: 1
use_eyes: 1

iod: 15
feature_id: 1
feature_param: 24
num_imgs_per_train_subj: 999
num_imgs_per_test_subj: 999
num_imgs_per_pers_subj: 15.0
num_rots_per_train_imgs: 10
num_rots_per_test_imgs: 1
num_rots_per_pers_imgs: 10
svr_eps: 0.01
svr_c: 0.1
svr_p: 0.0001
db_type: elte2
rmse: 4.45494
use_headpose: 1
use_eyes: 1

iod: 15
feature_id: 1
feature_param: 24
num_imgs_per_train_subj: 999
num_imgs_per_test_subj: 999
num_imgs_per_pers_subj: 9.0
num_rots_per_train_imgs: 10
num_rots_per_test_imgs: 1
num_rots_per_pers_imgs: 10
svr_eps: 0.01
svr_c: 0.1
svr_p: 0.0001
db_type: elte2
rmse: 3.95387
use_headpose: 1
use_eyes: 1

iod: 15
feature_id: 1
feature_param: 24
num_imgs_per_train_subj: 999
num_imgs_per_test_subj: 999
num_imgs_per_pers_subj: 14.0
num_rots_per_train_imgs: 10
num_rots_per_test_imgs: 1
num_rots_per_pers_imgs: 10
svr_eps: 0.01
svr_c: 0.1
svr_p: 0.0001
db_type: elte2
rmse: 3.91189
use_headpose: 1
use_eyes: 1

iod: 15
feature_id: 1
feature_param: 24
num_imgs_per_train_subj: 999
num_imgs_per_test_subj: 999
num_imgs_per_pers_subj: 14.0
num_rots_per_train_imgs: 10
num_rots_per_test_imgs: 1
num_rots_per_pers_imgs: 10
svr_eps: 0.01
svr_c: 0.1
svr_p: 0.0001
db_type: elte2
rmse: 3.91189
use_headpose: 1
use_eyes: 1

iod: 15
feature_id: 1
feature_param: 24
num_imgs_per_train_subj: 999
num_imgs_per_test_subj: 999
num_imgs_per_pers_subj: 17.0
num_rots_per_train_imgs: 10
num_rots_per_test_imgs: 1
num_rots_per_pers_imgs: 10
svr_eps: 0.01
svr_c: 0.1
svr_p: 0.0001
db_type: elte2
rmse: 3.84698
use_headpose: 1
use_eyes: 1

iod: 15
feature_id: 1
feature_param: 24
num_imgs_per_train_subj: 999
num_imgs_per_test_subj: 999
num_imgs_per_pers_subj: 17.0
num_rots_per_train_imgs: 10
num_rots_per_test_imgs: 1
num_rots_per_pers_imgs: 10
svr_eps: 0.01
svr_c: 0.1
svr_p: 0.0001
db_type: elte2
rmse: 3.84698
use_headpose: 1
use_eyes: 1

iod: 15
feature_id: 1
feature_param: 24
num_imgs_per_train_subj: 999
num_imgs_per_test_subj: 999
num_imgs_per_pers_subj: 18.0
num_rots_per_train_imgs: 10
num_rots_per_test_imgs: 1
num_rots_per_pers_imgs: 10
svr_eps: 0.01
svr_c: 0.1
svr_p: 0.0001
db_type: elte2
rmse: 3.8936
use_headpose: 1
use_eyes: 1

iod: 15
feature_id: 1
feature_param: 24
num_imgs_per_train_subj: 999
num_imgs_per_test_subj: 999
num_imgs_per_pers_subj: 17.0
num_rots_per_train_imgs: 10
num_rots_per_test_imgs: 1
num_rots_per_pers_imgs: 10
svr_eps: 0.01
svr_c: 0.1
svr_p: 0.0001
db_type: elte2
rmse: 3.84698
use_headpose: 1
use_eyes: 1

iod: 15
feature_id: 1
feature_param: 24
num_imgs_per_train_subj: 999
num_imgs_per_test_subj: 999
num_imgs_per_pers_subj: 20.0
num_rots_per_train_imgs: 10
num_rots_per_test_imgs: 1
num_rots_per_pers_imgs: 10
svr_eps: 0.01
svr_c: 0.1
svr_p: 0.0001
db_type: elte2
rmse: 4.67957
use_headpose: 1
use_eyes: 1

iod: 15
feature_id: 1
feature_param: 24
num_imgs_per_train_subj: 999
num_imgs_per_test_subj: 999
num_imgs_per_pers_subj: 13.0
num_rots_per_train_imgs: 10
num_rots_per_test_imgs: 1
num_rots_per_pers_imgs: 10
svr_eps: 0.01
svr_c: 0.1
svr_p: 0.0001
db_type: elte2
rmse: 3.64436
use_headpose: 1
use_eyes: 1

iod: 15
feature_id: 1
feature_param: 24
num_imgs_per_train_subj: 999
num_imgs_per_test_subj: 999
num_imgs_per_pers_subj: 12.0
num_rots_per_train_imgs: 10
num_rots_per_test_imgs: 1
num_rots_per_pers_imgs: 10
svr_eps: 0.01
svr_c: 0.1
svr_p: 0.0001
db_type: elte2
rmse: 4.60717
use_headpose: 1
use_eyes: 1

iod: 15
feature_id: 1
feature_param: 24
num_imgs_per_train_subj: 999
num_imgs_per_test_subj: 999
num_imgs_per_pers_subj: 13.0
num_rots_per_train_imgs: 10
num_rots_per_test_imgs: 1
num_rots_per_pers_imgs: 10
svr_eps: 0.01
svr_c: 0.1
svr_p: 0.0001
db_type: elte2
rmse: 3.64436
use_headpose: 1
use_eyes: 1

iod: 15
feature_id: 1
feature_param: 24
num_imgs_per_train_subj: 999
num_imgs_per_test_subj: 999
num_imgs_per_pers_subj: 12.0
num_rots_per_train_imgs: 10
num_rots_per_test_imgs: 1
num_rots_per_pers_imgs: 10
svr_eps: 0.01
svr_c: 0.1
svr_p: 0.0001
db_type: elte2
rmse: 4.60717
use_headpose: 1
use_eyes: 1

iod: 15
feature_id: 1
feature_param: 24
num_imgs_per_train_subj: 999
num_imgs_per_test_subj: 999
num_imgs_per_pers_subj: 10.0
num_rots_per_train_imgs: 10
num_rots_per_test_imgs: 1
num_rots_per_pers_imgs: 10
svr_eps: 0.01
svr_c: 0.1
svr_p: 0.0001
db_type: elte2
rmse: 4.51253
use_headpose: 1
use_eyes: 0

iod: 15
feature_id: 1
feature_param: 24
num_imgs_per_train_subj: 999
num_imgs_per_test_subj: 999
num_imgs_per_pers_subj: 13.0
num_rots_per_train_imgs: 10
num_rots_per_test_imgs: 1
num_rots_per_pers_imgs: 10
svr_eps: 0.01
svr_c: 0.1
svr_p: 0.0001
db_type: elte2
rmse: 3.67066
use_headpose: 0
use_eyes: 1

iod: 15
feature_id: 1
feature_param: 24
num_imgs_per_train_subj: 999
num_imgs_per_test_subj: 999
num_imgs_per_pers_subj: 11.0
num_rots_per_train_imgs: 10
num_rots_per_test_imgs: 1
num_rots_per_pers_imgs: 10
svr_eps: 0.01
svr_c: 0.1
svr_p: 0.0001
db_type: elte2
rmse: 4.52391
use_headpose: 1
use_eyes: 0

iod: 15
feature_id: 1
feature_param: 24
num_imgs_per_train_subj: 999
num_imgs_per_test_subj: 999
num_imgs_per_pers_subj: 13.0
num_rots_per_train_imgs: 10
num_rots_per_test_imgs: 1
num_rots_per_pers_imgs: 10
svr_eps: 0.01
svr_c: 0.1
svr_p: 0.0001
db_type: elte2
rmse: 3.64436
use_headpose: 1
use_eyes: 1

iod: 15
feature_id: 1
feature_param: 24
num_imgs_per_train_subj: 999
num_imgs_per_test_subj: 999
num_imgs_per_pers_subj: 15.0
num_rots_per_train_imgs: 10
num_rots_per_test_imgs: 1
num_rots_per_pers_imgs: 10
svr_eps: 0.01
svr_c: 0.1
svr_p: 0.0001
db_type: elte2
rmse: 4.48875
use_headpose: 0
use_eyes: 1

iod: 15
feature_id: 1
feature_param: 24
num_imgs_per_train_subj: 999
num_imgs_per_test_subj: 999
num_imgs_per_pers_subj: 8.0
num_rots_per_train_imgs: 10
num_rots_per_test_imgs: 1
num_rots_per_pers_imgs: 10
svr_eps: 0.01
svr_c: 0.1
svr_p: 0.0001
db_type: elte2
rmse: 4.46677
use_headpose: 1
use_eyes: 1

iod: 15
feature_id: 1
feature_param: 24
num_imgs_per_train_subj: 999
num_imgs_per_test_subj: 999
num_imgs_per_pers_subj: 11.0
num_rots_per_train_imgs: 10
num_rots_per_test_imgs: 1
num_rots_per_pers_imgs: 10
svr_eps: 0.01
svr_c: 0.1
svr_p: 0.0001
db_type: elte2
rmse: 4.52391
use_headpose: 1
use_eyes: 0

iod: 15
feature_id: 1
feature_param: 24
num_imgs_per_train_subj: 999
num_imgs_per_test_subj: 999
num_imgs_per_pers_subj: 13.0
num_rots_per_train_imgs: 10
num_rots_per_test_imgs: 1
num_rots_per_pers_imgs: 10
svr_eps: 0.01
svr_c: 0.1
svr_p: 0.0001
db_type: elte2
rmse: 3.67066
use_headpose: 0
use_eyes: 1

iod: 15
feature_id: 1
feature_param: 24
num_imgs_per_train_subj: 999
num_imgs_per_test_subj: 999
num_imgs_per_pers_subj: 2.0
num_rots_per_train_imgs: 10
num_rots_per_test_imgs: 1
num_rots_per_pers_imgs: 10
svr_eps: 0.01
svr_c: 0.1
svr_p: 0.0001
db_type: elte2
rmse: 4.61256
use_headpose: 1
use_eyes: 1

iod: 15
feature_id: 1
feature_param: 24
num_imgs_per_train_subj: 999
num_imgs_per_test_subj: 999
num_imgs_per_pers_subj: 15.0
num_rots_per_train_imgs: 10
num_rots_per_test_imgs: 1
num_rots_per_pers_imgs: 10
svr_eps: 0.01
svr_c: 0.1
svr_p: 0.0001
db_type: elte2
rmse: 4.26404
use_headpose: 1
use_eyes: 0

iod: 15
feature_id: 1
feature_param: 24
num_imgs_per_train_subj: 999
num_imgs_per_test_subj: 999
num_imgs_per_pers_subj: 10.0
num_rots_per_train_imgs: 10
num_rots_per_test_imgs: 1
num_rots_per_pers_imgs: 10
svr_eps: 0.01
svr_c: 0.1
svr_p: 0.0001
db_type: elte2
rmse: 3.82794
use_headpose: 0
use_eyes: 1

iod: 15
feature_id: 1
feature_param: 24
num_imgs_per_train_subj: 999
num_imgs_per_test_subj: 999
num_imgs_per_pers_subj: 19.0
num_rots_per_train_imgs: 10
num_rots_per_test_imgs: 1
num_rots_per_pers_imgs: 10
svr_eps: 0.01
svr_c: 0.1
svr_p: 0.0001
db_type: elte2
rmse: 4.57109
use_headpose: 1
use_eyes: 1

iod: 15
feature_id: 1
feature_param: 24
num_imgs_per_train_subj: 999
num_imgs_per_test_subj: 999
num_imgs_per_pers_subj: 8.0
num_rots_per_train_imgs: 10
num_rots_per_test_imgs: 1
num_rots_per_pers_imgs: 10
svr_eps: 0.01
svr_c: 0.1
svr_p: 0.0001
db_type: elte2
rmse: 4.49245
use_headpose: 1
use_eyes: 0

iod: 15
feature_id: 1
feature_param: 24
num_imgs_per_train_subj: 999
num_imgs_per_test_subj: 999
num_imgs_per_pers_subj: 16.0
num_rots_per_train_imgs: 10
num_rots_per_test_imgs: 1
num_rots_per_pers_imgs: 10
svr_eps: 0.01
svr_c: 0.1
svr_p: 0.0001
db_type: elte2
rmse: 4.34743
use_headpose: 0
use_eyes: 1

iod: 15
feature_id: 1
feature_param: 24
num_imgs_per_train_subj: 999
num_imgs_per_test_subj: 999
num_imgs_per_pers_subj: 7.0
num_rots_per_train_imgs: 10
num_rots_per_test_imgs: 1
num_rots_per_pers_imgs: 10
svr_eps: 0.01
svr_c: 0.1
svr_p: 0.0001
db_type: elte2
rmse: 4.12288
use_headpose: 1
use_eyes: 1

iod: 15
feature_id: 1
feature_param: 24
num_imgs_per_train_subj: 999
num_imgs_per_test_subj: 999
num_imgs_per_pers_subj: 12.0
num_rots_per_train_imgs: 10
num_rots_per_test_imgs: 1
num_rots_per_pers_imgs: 10
svr_eps: 0.01
svr_c: 0.1
svr_p: 0.0001
db_type: elte2
rmse: 4.42681
use_headpose: 1
use_eyes: 0

iod: 15
feature_id: 1
feature_param: 24
num_imgs_per_train_subj: 999
num_imgs_per_test_subj: 999
num_imgs_per_pers_subj: 2.0
num_rots_per_train_imgs: 10
num_rots_per_test_imgs: 1
num_rots_per_pers_imgs: 10
svr_eps: 0.01
svr_c: 0.1
svr_p: 0.0001
db_type: elte2
rmse: 4.63864
use_headpose: 0
use_eyes: 1

iod: 15
feature_id: 1
feature_param: 24
num_imgs_per_train_subj: 999
num_imgs_per_test_subj: 999
num_imgs_per_pers_subj: 19.0
num_rots_per_train_imgs: 10
num_rots_per_test_imgs: 1
num_rots_per_pers_imgs: 10
svr_eps: 0.01
svr_c: 0.1
svr_p: 0.0001
db_type: elte2
rmse: 4.57109
use_headpose: 1
use_eyes: 1

iod: 15
feature_id: 1
feature_param: 24
num_imgs_per_train_subj: 999
num_imgs_per_test_subj: 999
num_imgs_per_pers_subj: 5.0
num_rots_per_train_imgs: 10
num_rots_per_test_imgs: 1
num_rots_per_pers_imgs: 10
svr_eps: 0.01
svr_c: 0.1
svr_p: 0.0001
db_type: elte2
rmse: 4.29036
use_headpose: 1
use_eyes: 1

iod: 15
feature_id: 1
feature_param: 24
num_imgs_per_train_subj: 999
num_imgs_per_test_subj: 999
num_imgs_per_pers_subj: 8.0
num_rots_per_train_imgs: 10
num_rots_per_test_imgs: 1
num_rots_per_pers_imgs: 10
svr_eps: 0.01
svr_c: 0.1
svr_p: 0.0001
db_type: elte2
rmse: 4.49245
use_headpose: 1
use_eyes: 0

iod: 15
feature_id: 1
feature_param: 24
num_imgs_per_train_subj: 999
num_imgs_per_test_subj: 999
num_imgs_per_pers_subj: 14.0
num_rots_per_train_imgs: 10
num_rots_per_test_imgs: 1
num_rots_per_pers_imgs: 10
svr_eps: 0.01
svr_c: 0.1
svr_p: 0.0001
db_type: elte2
rmse: 3.93995
use_headpose: 0
use_eyes: 1

iod: 15
feature_id: 1
feature_param: 24
num_imgs_per_train_subj: 999
num_imgs_per_test_subj: 999
num_imgs_per_pers_subj: 9.0
num_rots_per_train_imgs: 10
num_rots_per_test_imgs: 1
num_rots_per_pers_imgs: 10
svr_eps: 0.01
svr_c: 0.1
svr_p: 0.0001
db_type: elte2
rmse: 3.95387
use_headpose: 1
use_eyes: 1

iod: 15
feature_id: 1
feature_param: 24
num_imgs_per_train_subj: 999
num_imgs_per_test_subj: 999
num_imgs_per_pers_subj: 18.0
num_rots_per_train_imgs: 10
num_rots_per_test_imgs: 1
num_rots_per_pers_imgs: 10
svr_eps: 0.01
svr_c: 0.1
svr_p: 0.0001
db_type: elte2
rmse: 3.8936
use_headpose: 1
use_eyes: 1

iod: 15
feature_id: 1
feature_param: 24
num_imgs_per_train_subj: 999
num_imgs_per_test_subj: 999
num_imgs_per_pers_subj: 16.0
num_rots_per_train_imgs: 10
num_rots_per_test_imgs: 1
num_rots_per_pers_imgs: 10
svr_eps: 0.01
svr_c: 0.1
svr_p: 0.0001
db_type: elte2
rmse: 4.25554
use_headpose: 1
use_eyes: 0

iod: 15
feature_id: 1
feature_param: 24
num_imgs_per_train_subj: 999
num_imgs_per_test_subj: 999
num_imgs_per_pers_subj: 6.0
num_rots_per_train_imgs: 10
num_rots_per_test_imgs: 1
num_rots_per_pers_imgs: 10
svr_eps: 0.01
svr_c: 0.1
svr_p: 0.0001
db_type: elte2
rmse: 4.1452
use_headpose: 0
use_eyes: 1

iod: 15
feature_id: 1
feature_param: 24
num_imgs_per_train_subj: 999
num_imgs_per_test_subj: 999
num_imgs_per_pers_subj: 14.0
num_rots_per_train_imgs: 10
num_rots_per_test_imgs: 1
num_rots_per_pers_imgs: 10
svr_eps: 0.01
svr_c: 0.1
svr_p: 0.0001
db_type: elte2
rmse: 3.91189
use_headpose: 1
use_eyes: 1

iod: 15
feature_id: 1
feature_param: 24
num_imgs_per_train_subj: 999
num_imgs_per_test_subj: 999
num_imgs_per_pers_subj: 11.0
num_rots_per_train_imgs: 10
num_rots_per_test_imgs: 1
num_rots_per_pers_imgs: 10
svr_eps: 0.01
svr_c: 0.1
svr_p: 0.0001
db_type: elte2
rmse: 4.4969
use_headpose: 1
use_eyes: 1

iod: 15
feature_id: 1
feature_param: 24
num_imgs_per_train_subj: 999
num_imgs_per_test_subj: 999
num_imgs_per_pers_subj: 10.0
num_rots_per_train_imgs: 10
num_rots_per_test_imgs: 1
num_rots_per_pers_imgs: 10
svr_eps: 0.01
svr_c: 0.1
svr_p: 0.0001
db_type: elte2
rmse: 3.80322
use_headpose: 1
use_eyes: 1

iod: 15
feature_id: 1
feature_param: 24
num_imgs_per_train_subj: 999
num_imgs_per_test_subj: 999
num_imgs_per_pers_subj: 13.0
num_rots_per_train_imgs: 10
num_rots_per_test_imgs: 1
num_rots_per_pers_imgs: 10
svr_eps: 0.01
svr_c: 0.1
svr_p: 0.0001
db_type: elte2
rmse: 4.33042
use_headpose: 1
use_eyes: 0

iod: 15
feature_id: 1
feature_param: 24
num_imgs_per_train_subj: 999
num_imgs_per_test_subj: 999
num_imgs_per_pers_subj: 15.0
num_rots_per_train_imgs: 10
num_rots_per_test_imgs: 1
num_rots_per_pers_imgs: 10
svr_eps: 0.01
svr_c: 0.1
svr_p: 0.0001
db_type: elte2
rmse: 4.48875
use_headpose: 0
use_eyes: 1

iod: 15
feature_id: 1
feature_param: 24
num_imgs_per_train_subj: 999
num_imgs_per_test_subj: 999
num_imgs_per_pers_subj: 13.0
num_rots_per_train_imgs: 10
num_rots_per_test_imgs: 1
num_rots_per_pers_imgs: 10
svr_eps: 0.01
svr_c: 0.1
svr_p: 0.0001
db_type: elte2
rmse: 3.64436
use_headpose: 1
use_eyes: 1

iod: 15
feature_id: 1
feature_param: 24
num_imgs_per_train_subj: 999
num_imgs_per_test_subj: 999
num_imgs_per_pers_subj: 12.0
num_rots_per_train_imgs: 10
num_rots_per_test_imgs: 1
num_rots_per_pers_imgs: 10
svr_eps: 0.01
svr_c: 0.1
svr_p: 0.0001
db_type: elte2
rmse: 4.60717
use_headpose: 1
use_eyes: 1

iod: 15
feature_id: 1
feature_param: 24
num_imgs_per_train_subj: 999
num_imgs_per_test_subj: 999
num_imgs_per_pers_subj: 17.0
num_rots_per_train_imgs: 10
num_rots_per_test_imgs: 1
num_rots_per_pers_imgs: 10
svr_eps: 0.01
svr_c: 0.1
svr_p: 0.0001
db_type: elte2
rmse: 3.84698
use_headpose: 1
use_eyes: 1

iod: 15
feature_id: 1
feature_param: 24
num_imgs_per_train_subj: 999
num_imgs_per_test_subj: 999
num_imgs_per_pers_subj: 14.0
num_rots_per_train_imgs: 10
num_rots_per_test_imgs: 1
num_rots_per_pers_imgs: 10
svr_eps: 0.01
svr_c: 0.1
svr_p: 0.0001
db_type: elte2
rmse: 3.91189
use_headpose: 1
use_eyes: 1

iod: 15
feature_id: 1
feature_param: 24
num_imgs_per_train_subj: 999
num_imgs_per_test_subj: 999
num_imgs_per_pers_subj: 11.0
num_rots_per_train_imgs: 10
num_rots_per_test_imgs: 1
num_rots_per_pers_imgs: 10
svr_eps: 0.01
svr_c: 0.1
svr_p: 0.0001
db_type: elte2
rmse: 4.4969
use_headpose: 1
use_eyes: 1

iod: 15
feature_id: 1
feature_param: 24
num_imgs_per_train_subj: 999
num_imgs_per_test_subj: 999
num_imgs_per_pers_subj: 16.0
num_rots_per_train_imgs: 10
num_rots_per_test_imgs: 1
num_rots_per_pers_imgs: 10
svr_eps: 0.01
svr_c: 0.1
svr_p: 0.0001
db_type: elte2
rmse: 4.31247
use_headpose: 1
use_eyes: 1

iod: 15
feature_id: 1
feature_param: 24
num_imgs_per_train_subj: 999
num_imgs_per_test_subj: 999
num_imgs_per_pers_subj: 15.0
num_rots_per_train_imgs: 10
num_rots_per_test_imgs: 1
num_rots_per_pers_imgs: 10
svr_eps: 0.01
svr_c: 0.1
svr_p: 0.0001
db_type: elte2
rmse: 4.45494
use_headpose: 1
use_eyes: 1

iod: 15
feature_id: 1
feature_param: 24
num_imgs_per_train_subj: 999
num_imgs_per_test_subj: 999
num_imgs_per_pers_subj: 12.0
num_rots_per_train_imgs: 10
num_rots_per_test_imgs: 1
num_rots_per_pers_imgs: 10
svr_eps: 0.01
svr_c: 0.1
svr_p: 0.0001
db_type: elte2
rmse: 4.60717
use_headpose: 1
use_eyes: 1

iod: 15
feature_id: 1
feature_param: 24
num_imgs_per_train_subj: 999
num_imgs_per_test_subj: 999
num_imgs_per_pers_subj: 13.0
num_rots_per_train_imgs: 10
num_rots_per_test_imgs: 1
num_rots_per_pers_imgs: 10
svr_eps: 0.01
svr_c: 0.1
svr_p: 0.0001
db_type: elte2
rmse: 3.64436
use_headpose: 1
use_eyes: 1

iod: 15
feature_id: 1
feature_param: 24
num_imgs_per_train_subj: 999
num_imgs_per_test_subj: 999
num_imgs_per_pers_subj: 10.0
num_rots_per_train_imgs: 10
num_rots_per_test_imgs: 1
num_rots_per_pers_imgs: 10
svr_eps: 0.01
svr_c: 0.1
svr_p: 0.0001
db_type: elte2
rmse: 3.80322
use_headpose: 1
use_eyes: 1

iod: 15
feature_id: 1
feature_param: 24
num_imgs_per_train_subj: 999
num_imgs_per_test_subj: 999
num_imgs_per_pers_subj: 18.0
num_rots_per_train_imgs: 10
num_rots_per_test_imgs: 1
num_rots_per_pers_imgs: 10
svr_eps: 0.01
svr_c: 0.1
svr_p: 0.0001
db_type: elte2
rmse: 3.8936
use_headpose: 1
use_eyes: 1

iod: 15
feature_id: 1
feature_param: 24
num_imgs_per_train_subj: 999
num_imgs_per_test_subj: 999
num_imgs_per_pers_subj: 9.0
num_rots_per_train_imgs: 10
num_rots_per_test_imgs: 1
num_rots_per_pers_imgs: 10
svr_eps: 0.01
svr_c: 0.1
svr_p: 0.0001
db_type: elte2
rmse: 3.95387
use_headpose: 1
use_eyes: 1

iod: 15
feature_id: 1
feature_param: 24
num_imgs_per_train_subj: 999
num_imgs_per_test_subj: 999
num_imgs_per_pers_subj: 14.0
num_rots_per_train_imgs: 10
num_rots_per_test_imgs: 1
num_rots_per_pers_imgs: 10
svr_eps: 0.01
svr_c: 0.1
svr_p: 0.0001
db_type: elte2
rmse: 3.91189
use_headpose: 1
use_eyes: 1

iod: 15
feature_id: 1
feature_param: 24
num_imgs_per_train_subj: 999
num_imgs_per_test_subj: 999
num_imgs_per_pers_subj: 11.0
num_rots_per_train_imgs: 10
num_rots_per_test_imgs: 1
num_rots_per_pers_imgs: 10
svr_eps: 0.01
svr_c: 0.1
svr_p: 0.0001
db_type: elte2
rmse: 4.4969
use_headpose: 1
use_eyes: 1

iod: 15
feature_id: 1
feature_param: 24
num_imgs_per_train_subj: 999
num_imgs_per_test_subj: 999
num_imgs_per_pers_subj: 12.0
num_rots_per_train_imgs: 10
num_rots_per_test_imgs: 1
num_rots_per_pers_imgs: 10
svr_eps: 0.01
svr_c: 0.1
svr_p: 0.0001
db_type: elte2
rmse: 4.42681
use_headpose: 1
use_eyes: 0

iod: 15
feature_id: 1
feature_param: 24
num_imgs_per_train_subj: 999
num_imgs_per_test_subj: 999
num_imgs_per_pers_subj: 17.0
num_rots_per_train_imgs: 10
num_rots_per_test_imgs: 1
num_rots_per_pers_imgs: 10
svr_eps: 0.01
svr_c: 0.1
svr_p: 0.0001
db_type: elte2
rmse: 3.87154
use_headpose: 0
use_eyes: 1

iod: 15
feature_id: 1
feature_param: 24
num_imgs_per_train_subj: 999
num_imgs_per_test_subj: 999
num_imgs_per_pers_subj: 13.0
num_rots_per_train_imgs: 10
num_rots_per_test_imgs: 1
num_rots_per_pers_imgs: 10
svr_eps: 0.01
svr_c: 0.1
svr_p: 0.0001
db_type: elte2
rmse: 3.64436
use_headpose: 1
use_eyes: 1

iod: 15
feature_id: 1
feature_param: 24
num_imgs_per_train_subj: 999
num_imgs_per_test_subj: 999
num_imgs_per_pers_subj: 19.0
num_rots_per_train_imgs: 10
num_rots_per_test_imgs: 1
num_rots_per_pers_imgs: 10
svr_eps: 0.01
svr_c: 0.1
svr_p: 0.0001
db_type: elte2
rmse: 4.57109
use_headpose: 1
use_eyes: 1

iod: 15
feature_id: 1
feature_param: 24
num_imgs_per_train_subj: 999
num_imgs_per_test_subj: 999
num_imgs_per_pers_subj: 7.0
num_rots_per_train_imgs: 10
num_rots_per_test_imgs: 1
num_rots_per_pers_imgs: 10
svr_eps: 0.01
svr_c: 0.1
svr_p: 0.0001
db_type: elte2
rmse: 4.12288
use_headpose: 1
use_eyes: 1

iod: 15
feature_id: 1
feature_param: 24
num_imgs_per_train_subj: 999
num_imgs_per_test_subj: 999
num_imgs_per_pers_subj: 20.0
num_rots_per_train_imgs: 10
num_rots_per_test_imgs: 1
num_rots_per_pers_imgs: 10
svr_eps: 0.01
svr_c: 0.1
svr_p: 0.0001
db_type: elte2
rmse: 4.16512
use_headpose: 0
use_eyes: 0

iod: 15
feature_id: 1
feature_param: 24
num_imgs_per_train_subj: 999
num_imgs_per_test_subj: 999
num_imgs_per_pers_subj: 15.0
num_rots_per_train_imgs: 10
num_rots_per_test_imgs: 1
num_rots_per_pers_imgs: 10
svr_eps: 0.01
svr_c: 0.1
svr_p: 0.0001
db_type: elte2
rmse: 4.45494
use_headpose: 1
use_eyes: 1

iod: 15
feature_id: 1
feature_param: 24
num_imgs_per_train_subj: 999
num_imgs_per_test_subj: 999
num_imgs_per_pers_subj: 8.0
num_rots_per_train_imgs: 10
num_rots_per_test_imgs: 1
num_rots_per_pers_imgs: 10
svr_eps: 0.01
svr_c: 0.1
svr_p: 0.0001
db_type: elte2
rmse: 4.46677
use_headpose: 1
use_eyes: 1

iod: 15
feature_id: 1
feature_param: 24
num_imgs_per_train_subj: 999
num_imgs_per_test_subj: 999
num_imgs_per_pers_subj: 1.0
num_rots_per_train_imgs: 10
num_rots_per_test_imgs: 1
num_rots_per_pers_imgs: 10
svr_eps: 0.01
svr_c: 0.1
svr_p: 0.0001
db_type: elte2
rmse: 4.46444
use_headpose: 1
use_eyes: 1

iod: 15
feature_id: 1
feature_param: 24
num_imgs_per_train_subj: 999
num_imgs_per_test_subj: 999
num_imgs_per_pers_subj: 5.0
num_rots_per_train_imgs: 10
num_rots_per_test_imgs: 1
num_rots_per_pers_imgs: 10
svr_eps: 0.01
svr_c: 0.1
svr_p: 0.0001
db_type: elte2
rmse: 4.29036
use_headpose: 1
use_eyes: 1

iod: 15
feature_id: 1
feature_param: 24
num_imgs_per_train_subj: 999
num_imgs_per_test_subj: 999
num_imgs_per_pers_subj: 9.0
num_rots_per_train_imgs: 10
num_rots_per_test_imgs: 1
num_rots_per_pers_imgs: 10
svr_eps: 0.01
svr_c: 0.1
svr_p: 0.0001
db_type: elte2
rmse: 4.60427
use_headpose: 0
use_eyes: 0

iod: 15
feature_id: 1
feature_param: 24
num_imgs_per_train_subj: 999
num_imgs_per_test_subj: 999
num_imgs_per_pers_subj: 14.0
num_rots_per_train_imgs: 10
num_rots_per_test_imgs: 1
num_rots_per_pers_imgs: 10
svr_eps: 0.01
svr_c: 0.1
svr_p: 0.0001
db_type: elte2
rmse: 3.91189
use_headpose: 1
use_eyes: 1

iod: 15
feature_id: 1
feature_param: 24
num_imgs_per_train_subj: 999
num_imgs_per_test_subj: 999
num_imgs_per_pers_subj: 10.0
num_rots_per_train_imgs: 10
num_rots_per_test_imgs: 1
num_rots_per_pers_imgs: 10
svr_eps: 0.01
svr_c: 0.1
svr_p: 0.0001
db_type: elte2
rmse: 3.80322
use_headpose: 1
use_eyes: 1

iod: 15
feature_id: 1
feature_param: 24
num_imgs_per_train_subj: 999
num_imgs_per_test_subj: 999
num_imgs_per_pers_subj: 13.0
num_rots_per_train_imgs: 10
num_rots_per_test_imgs: 1
num_rots_per_pers_imgs: 10
svr_eps: 0.01
svr_c: 0.1
svr_p: 0.0001
db_type: elte2
rmse: 3.64436
use_headpose: 1
use_eyes: 1

iod: 15
feature_id: 1
feature_param: 24
num_imgs_per_train_subj: 999
num_imgs_per_test_subj: 999
num_imgs_per_pers_subj: 16.0
num_rots_per_train_imgs: 10
num_rots_per_test_imgs: 1
num_rots_per_pers_imgs: 10
svr_eps: 0.01
svr_c: 0.1
svr_p: 0.0001
db_type: elte2
rmse: 4.25554
use_headpose: 1
use_eyes: 0

iod: 15
feature_id: 1
feature_param: 24
num_imgs_per_train_subj: 999
num_imgs_per_test_subj: 999
num_imgs_per_pers_subj: 11.0
num_rots_per_train_imgs: 10
num_rots_per_test_imgs: 1
num_rots_per_pers_imgs: 10
svr_eps: 0.01
svr_c: 0.1
svr_p: 0.0001
db_type: elte2
rmse: 4.51392
use_headpose: 0
use_eyes: 1

iod: 15
feature_id: 1
feature_param: 24
num_imgs_per_train_subj: 999
num_imgs_per_test_subj: 999
num_imgs_per_pers_subj: 17.0
num_rots_per_train_imgs: 10
num_rots_per_test_imgs: 1
num_rots_per_pers_imgs: 10
svr_eps: 0.01
svr_c: 0.1
svr_p: 0.0001
db_type: elte2
rmse: 3.84698
use_headpose: 1
use_eyes: 1

iod: 15
feature_id: 1
feature_param: 24
num_imgs_per_train_subj: 999
num_imgs_per_test_subj: 999
num_imgs_per_pers_subj: 6.0
num_rots_per_train_imgs: 10
num_rots_per_test_imgs: 1
num_rots_per_pers_imgs: 10
svr_eps: 0.01
svr_c: 0.1
svr_p: 0.0001
db_type: elte2
rmse: 4.12403
use_headpose: 1
use_eyes: 1

iod: 15
feature_id: 1
feature_param: 24
num_imgs_per_train_subj: 999
num_imgs_per_test_subj: 999
num_imgs_per_pers_subj: 4.0
num_rots_per_train_imgs: 10
num_rots_per_test_imgs: 1
num_rots_per_pers_imgs: 10
svr_eps: 0.01
svr_c: 0.1
svr_p: 0.0001
db_type: elte2
rmse: 4.85192
use_headpose: 1
use_eyes: 1

iod: 15
feature_id: 1
feature_param: 24
num_imgs_per_train_subj: 999
num_imgs_per_test_subj: 999
num_imgs_per_pers_subj: 13.0
num_rots_per_train_imgs: 10
num_rots_per_test_imgs: 1
num_rots_per_pers_imgs: 10
svr_eps: 0.01
svr_c: 0.1
svr_p: 0.0001
db_type: elte2
rmse: 4.33042
use_headpose: 1
use_eyes: 0

iod: 15
feature_id: 1
feature_param: 24
num_imgs_per_train_subj: 999
num_imgs_per_test_subj: 999
num_imgs_per_pers_subj: 12.0
num_rots_per_train_imgs: 10
num_rots_per_test_imgs: 1
num_rots_per_pers_imgs: 10
svr_eps: 0.01
svr_c: 0.1
svr_p: 0.0001
db_type: elte2
rmse: 4.63199
use_headpose: 0
use_eyes: 1

iod: 15
feature_id: 1
feature_param: 24
num_imgs_per_train_subj: 999
num_imgs_per_test_subj: 999
num_imgs_per_pers_subj: 9.0
num_rots_per_train_imgs: 10
num_rots_per_test_imgs: 1
num_rots_per_pers_imgs: 10
svr_eps: 0.01
svr_c: 0.1
svr_p: 0.0001
db_type: elte2
rmse: 4.60427
use_headpose: 0
use_eyes: 0

iod: 15
feature_id: 1
feature_param: 24
num_imgs_per_train_subj: 999
num_imgs_per_test_subj: 999
num_imgs_per_pers_subj: 16.0
num_rots_per_train_imgs: 10
num_rots_per_test_imgs: 1
num_rots_per_pers_imgs: 10
svr_eps: 0.01
svr_c: 0.1
svr_p: 0.0001
db_type: elte2
rmse: 4.25554
use_headpose: 1
use_eyes: 0

iod: 15
feature_id: 1
feature_param: 24
num_imgs_per_train_subj: 999
num_imgs_per_test_subj: 999
num_imgs_per_pers_subj: 4.0
num_rots_per_train_imgs: 10
num_rots_per_test_imgs: 1
num_rots_per_pers_imgs: 10
svr_eps: 0.01
svr_c: 0.1
svr_p: 0.0001
db_type: elte2
rmse: 4.87734
use_headpose: 0
use_eyes: 1

iod: 15
feature_id: 1
feature_param: 24
num_imgs_per_train_subj: 999
num_imgs_per_test_subj: 999
num_imgs_per_pers_subj: 20.0
num_rots_per_train_imgs: 10
num_rots_per_test_imgs: 1
num_rots_per_pers_imgs: 10
svr_eps: 0.01
svr_c: 0.1
svr_p: 0.0001
db_type: elte2
rmse: 3.48714
use_headpose: 1
use_eyes: 1

iod: 15
feature_id: 1
feature_param: 24
num_imgs_per_train_subj: 999
num_imgs_per_test_subj: 999
num_imgs_per_pers_subj: 9.0
num_rots_per_train_imgs: 10
num_rots_per_test_imgs: 1
num_rots_per_pers_imgs: 10
svr_eps: 0.01
svr_c: 0.1
svr_p: 0.0001
db_type: elte2
rmse: 4.8558
use_headpose: 0
use_eyes: 0

iod: 15
feature_id: 1
feature_param: 24
num_imgs_per_train_subj: 999
num_imgs_per_test_subj: 999
num_imgs_per_pers_subj: 18.0
num_rots_per_train_imgs: 10
num_rots_per_test_imgs: 1
num_rots_per_pers_imgs: 10
svr_eps: 0.01
svr_c: 0.1
svr_p: 0.0001
db_type: elte2
rmse: 4.54207
use_headpose: 1
use_eyes: 0

iod: 15
feature_id: 1
feature_param: 24
num_imgs_per_train_subj: 999
num_imgs_per_test_subj: 999
num_imgs_per_pers_subj: 14.0
num_rots_per_train_imgs: 10
num_rots_per_test_imgs: 1
num_rots_per_pers_imgs: 10
svr_eps: 0.01
svr_c: 0.1
svr_p: 0.0001
db_type: elte2
rmse: 3.99535
use_headpose: 1
use_eyes: 1

iod: 15
feature_id: 1
feature_param: 24
num_imgs_per_train_subj: 999
num_imgs_per_test_subj: 999
num_imgs_per_pers_subj: 1.0
num_rots_per_train_imgs: 10
num_rots_per_test_imgs: 1
num_rots_per_pers_imgs: 10
svr_eps: 0.01
svr_c: 0.1
svr_p: 0.0001
db_type: elte2
rmse: 4.78178
use_headpose: 0
use_eyes: 1

iod: 15
feature_id: 1
feature_param: 24
num_imgs_per_train_subj: 999
num_imgs_per_test_subj: 999
num_imgs_per_pers_subj: 4.0
num_rots_per_train_imgs: 10
num_rots_per_test_imgs: 1
num_rots_per_pers_imgs: 10
svr_eps: 0.01
svr_c: 0.1
svr_p: 0.0001
db_type: elte2
rmse: 4.97966
use_headpose: 1
use_eyes: 0

iod: 15
feature_id: 1
feature_param: 24
num_imgs_per_train_subj: 999
num_imgs_per_test_subj: 999
num_imgs_per_pers_subj: 12.0
num_rots_per_train_imgs: 10
num_rots_per_test_imgs: 1
num_rots_per_pers_imgs: 10
svr_eps: 0.01
svr_c: 0.1
svr_p: 0.0001
db_type: elte2
rmse: 4.90689
use_headpose: 0
use_eyes: 0

iod: 15
feature_id: 1
feature_param: 24
num_imgs_per_train_subj: 999
num_imgs_per_test_subj: 999
num_imgs_per_pers_subj: 7.0
num_rots_per_train_imgs: 10
num_rots_per_test_imgs: 1
num_rots_per_pers_imgs: 10
svr_eps: 0.01
svr_c: 0.1
svr_p: 0.0001
db_type: elte2
rmse: 4.2119
use_headpose: 1
use_eyes: 1

iod: 15
feature_id: 1
feature_param: 24
num_imgs_per_train_subj: 999
num_imgs_per_test_subj: 999
num_imgs_per_pers_subj: 8.0
num_rots_per_train_imgs: 10
num_rots_per_test_imgs: 1
num_rots_per_pers_imgs: 10
svr_eps: 0.01
svr_c: 0.1
svr_p: 0.0001
db_type: elte2
rmse: 4.83158
use_headpose: 1
use_eyes: 0

iod: 15
feature_id: 1
feature_param: 24
num_imgs_per_train_subj: 999
num_imgs_per_test_subj: 999
num_imgs_per_pers_subj: 4.0
num_rots_per_train_imgs: 10
num_rots_per_test_imgs: 1
num_rots_per_pers_imgs: 10
svr_eps: 0.01
svr_c: 0.1
svr_p: 0.0001
db_type: elte2
rmse: 4.27197
use_headpose: 0
use_eyes: 1

iod: 15
feature_id: 1
feature_param: 24
num_imgs_per_train_subj: 999
num_imgs_per_test_subj: 999
num_imgs_per_pers_subj: 16.0
num_rots_per_train_imgs: 10
num_rots_per_test_imgs: 1
num_rots_per_pers_imgs: 10
svr_eps: 0.01
svr_c: 0.1
svr_p: 0.0001
db_type: elte2
rmse: 4.46779
use_headpose: 0
use_eyes: 1

iod: 15
feature_id: 1
feature_param: 24
num_imgs_per_train_subj: 999
num_imgs_per_test_subj: 999
num_imgs_per_pers_subj: 18.0
num_rots_per_train_imgs: 10
num_rots_per_test_imgs: 1
num_rots_per_pers_imgs: 10
svr_eps: 0.01
svr_c: 0.1
svr_p: 0.0001
db_type: elte2
rmse: 3.7594
use_headpose: 0
use_eyes: 1

iod: 15
feature_id: 1
feature_param: 24
num_imgs_per_train_subj: 999
num_imgs_per_test_subj: 999
num_imgs_per_pers_subj: 18.0
num_rots_per_train_imgs: 10
num_rots_per_test_imgs: 1
num_rots_per_pers_imgs: 10
svr_eps: 0.01
svr_c: 0.1
svr_p: 0.0001
db_type: elte2
rmse: 3.7594
use_headpose: 0
use_eyes: 1

iod: 15
feature_id: 1
feature_param: 24
num_imgs_per_train_subj: 999
num_imgs_per_test_subj: 999
num_imgs_per_pers_subj: 12.0
num_rots_per_train_imgs: 10
num_rots_per_test_imgs: 1
num_rots_per_pers_imgs: 10
svr_eps: 0.01
svr_c: 0.1
svr_p: 0.0001
db_type: elte2
rmse: 4.94918
use_headpose: 1
use_eyes: 0

iod: 15
feature_id: 1
feature_param: 24
num_imgs_per_train_subj: 999
num_imgs_per_test_subj: 999
num_imgs_per_pers_subj: 12.0
num_rots_per_train_imgs: 10
num_rots_per_test_imgs: 1
num_rots_per_pers_imgs: 10
svr_eps: 0.01
svr_c: 0.1
svr_p: 0.0001
db_type: elte2
rmse: 3.88039
use_headpose: 0
use_eyes: 1

iod: 15
feature_id: 1
feature_param: 24
num_imgs_per_train_subj: 999
num_imgs_per_test_subj: 999
num_imgs_per_pers_subj: 7.0
num_rots_per_train_imgs: 10
num_rots_per_test_imgs: 1
num_rots_per_pers_imgs: 10
svr_eps: 0.01
svr_c: 0.1
svr_p: 0.0001
db_type: elte2
rmse: 5.04379
use_headpose: 0
use_eyes: 0

iod: 15
feature_id: 1
feature_param: 24
num_imgs_per_train_subj: 999
num_imgs_per_test_subj: 999
num_imgs_per_pers_subj: 8.0
num_rots_per_train_imgs: 10
num_rots_per_test_imgs: 1
num_rots_per_pers_imgs: 10
svr_eps: 0.01
svr_c: 0.1
svr_p: 0.0001
db_type: elte2
rmse: 5.02162
use_headpose: 0
use_eyes: 0

iod: 15
feature_id: 1
feature_param: 24
num_imgs_per_train_subj: 999
num_imgs_per_test_subj: 999
num_imgs_per_pers_subj: 0.0
num_rots_per_train_imgs: 10
num_rots_per_test_imgs: 1
num_rots_per_pers_imgs: 10
svr_eps: 0.01
svr_c: 0.1
svr_p: 0.0001
db_type: elte2
rmse: 5.38856
use_headpose: 1
use_eyes: 0

iod: 15
feature_id: 1
feature_param: 24
num_imgs_per_train_subj: 999
num_imgs_per_test_subj: 999
num_imgs_per_pers_subj: 2.0
num_rots_per_train_imgs: 10
num_rots_per_test_imgs: 1
num_rots_per_pers_imgs: 10
svr_eps: 0.01
svr_c: 0.1
svr_p: 0.0001
db_type: elte2
rmse: 4.36292
use_headpose: 1
use_eyes: 1

iod: 15
feature_id: 1
feature_param: 24
num_imgs_per_train_subj: 999
num_imgs_per_test_subj: 999
num_imgs_per_pers_subj: 1.0
num_rots_per_train_imgs: 10
num_rots_per_test_imgs: 1
num_rots_per_pers_imgs: 10
svr_eps: 0.01
svr_c: 0.1
svr_p: 0.0001
db_type: elte2
rmse: 5.42257
use_headpose: 0
use_eyes: 0

iod: 15
feature_id: 1
feature_param: 24
num_imgs_per_train_subj: 999
num_imgs_per_test_subj: 999
num_imgs_per_pers_subj: 5.0
num_rots_per_train_imgs: 10
num_rots_per_test_imgs: 1
num_rots_per_pers_imgs: 10
svr_eps: 0.01
svr_c: 0.1
svr_p: 0.0001
db_type: elte2
rmse: 4.52482
use_headpose: 1
use_eyes: 1

iod: 15
feature_id: 1
feature_param: 24
num_imgs_per_train_subj: 999
num_imgs_per_test_subj: 999
num_imgs_per_pers_subj: 20.0
num_rots_per_train_imgs: 10
num_rots_per_test_imgs: 1
num_rots_per_pers_imgs: 10
svr_eps: 0.01
svr_c: 0.1
svr_p: 0.0001
db_type: elte2
rmse: 4.59624
use_headpose: 1
use_eyes: 0

iod: 15
feature_id: 1
feature_param: 24
num_imgs_per_train_subj: 999
num_imgs_per_test_subj: 999
num_imgs_per_pers_subj: 3.0
num_rots_per_train_imgs: 10
num_rots_per_test_imgs: 1
num_rots_per_pers_imgs: 10
svr_eps: 0.01
svr_c: 0.1
svr_p: 0.0001
db_type: elte2
rmse: 5.3847
use_headpose: 0
use_eyes: 0

iod: 15
feature_id: 1
feature_param: 24
num_imgs_per_train_subj: 999
num_imgs_per_test_subj: 999
num_imgs_per_pers_subj: 1.0
num_rots_per_train_imgs: 10
num_rots_per_test_imgs: 1
num_rots_per_pers_imgs: 10
svr_eps: 0.01
svr_c: 0.1
svr_p: 0.0001
db_type: elte2
rmse: 5.4027
use_headpose: 1
use_eyes: 0

iod: 15
feature_id: 1
feature_param: 24
num_imgs_per_train_subj: 999
num_imgs_per_test_subj: 999
num_imgs_per_pers_subj: 15.0
num_rots_per_train_imgs: 10
num_rots_per_test_imgs: 1
num_rots_per_pers_imgs: 10
svr_eps: 0.01
svr_c: 0.1
svr_p: 0.0001
db_type: elte2
rmse: 4.32259
use_headpose: 0
use_eyes: 1

iod: 15
feature_id: 1
feature_param: 24
num_imgs_per_train_subj: 999
num_imgs_per_test_subj: 999
num_imgs_per_pers_subj: 6.0
num_rots_per_train_imgs: 10
num_rots_per_test_imgs: 1
num_rots_per_pers_imgs: 10
svr_eps: 0.01
svr_c: 0.1
svr_p: 0.0001
db_type: elte2
rmse: 5.05675
use_headpose: 0
use_eyes: 1

iod: 15
feature_id: 1
feature_param: 24
num_imgs_per_train_subj: 999
num_imgs_per_test_subj: 999
num_imgs_per_pers_subj: 11.0
num_rots_per_train_imgs: 10
num_rots_per_test_imgs: 1
num_rots_per_pers_imgs: 10
svr_eps: 0.01
svr_c: 0.1
svr_p: 0.0001
db_type: elte2
rmse: 5.05789
use_headpose: 0
use_eyes: 0

iod: 15
feature_id: 1
feature_param: 24
num_imgs_per_train_subj: 999
num_imgs_per_test_subj: 999
num_imgs_per_pers_subj: 12.0
num_rots_per_train_imgs: 10
num_rots_per_test_imgs: 1
num_rots_per_pers_imgs: 10
svr_eps: 0.01
svr_c: 0.1
svr_p: 0.0001
db_type: elte2
rmse: 3.87475
use_headpose: 1
use_eyes: 1

iod: 15
feature_id: 1
feature_param: 24
num_imgs_per_train_subj: 999
num_imgs_per_test_subj: 999
num_imgs_per_pers_subj: 18.0
num_rots_per_train_imgs: 10
num_rots_per_test_imgs: 1
num_rots_per_pers_imgs: 10
svr_eps: 0.01
svr_c: 0.1
svr_p: 0.0001
db_type: elte2
rmse: 4.66686
use_headpose: 1
use_eyes: 0

iod: 15
feature_id: 1
feature_param: 24
num_imgs_per_train_subj: 999
num_imgs_per_test_subj: 999
num_imgs_per_pers_subj: 19.0
num_rots_per_train_imgs: 10
num_rots_per_test_imgs: 1
num_rots_per_pers_imgs: 10
svr_eps: 0.01
svr_c: 0.1
svr_p: 0.0001
db_type: elte2
rmse: 4.38469
use_headpose: 0
use_eyes: 1

iod: 15
feature_id: 1
feature_param: 24
num_imgs_per_train_subj: 999
num_imgs_per_test_subj: 999
num_imgs_per_pers_subj: 13.0
num_rots_per_train_imgs: 10
num_rots_per_test_imgs: 1
num_rots_per_pers_imgs: 10
svr_eps: 0.01
svr_c: 0.1
svr_p: 0.0001
db_type: elte2
rmse: 4.1004
use_headpose: 1
use_eyes: 1

iod: 15
feature_id: 1
feature_param: 24
num_imgs_per_train_subj: 999
num_imgs_per_test_subj: 999
num_imgs_per_pers_subj: 18.0
num_rots_per_train_imgs: 10
num_rots_per_test_imgs: 1
num_rots_per_pers_imgs: 10
svr_eps: 0.01
svr_c: 0.1
svr_p: 0.0001
db_type: elte2
rmse: 4.66686
use_headpose: 1
use_eyes: 0

